0 info it worked if it ends with ok
1 verbose cli [ '/Users/gacsapo/.nvm/versions/node/v7.5.0/bin/node',
1 verbose cli   '/Users/gacsapo/.nvm/versions/node/v7.5.0/bin/npm',
1 verbose cli   'run',
1 verbose cli   'lint' ]
2 info using npm@4.1.2
3 info using node@v7.5.0
4 verbose run-script [ 'prelint', 'lint', 'postlint' ]
5 info lifecycle shell-p@1.0.0~prelint: shell-p@1.0.0
6 silly lifecycle shell-p@1.0.0~prelint: no script for prelint, continuing
7 info lifecycle shell-p@1.0.0~lint: shell-p@1.0.0
8 verbose lifecycle shell-p@1.0.0~lint: unsafe-perm in lifecycle true
9 verbose lifecycle shell-p@1.0.0~lint: PATH: /Users/gacsapo/.nvm/versions/node/v7.5.0/lib/node_modules/npm/bin/node-gyp-bin:/Users/gacsapo/Documents/temp/shell-p/node_modules/.bin:/Users/gacsapo/.nvm/versions/node/v7.5.0/bin:/usr/local/bin:/usr/bin:/bin:/usr/sbin:/sbin:/Users/gacsapo/.rvm/bin:/Users/gacsapo/.rvm/bin
10 verbose lifecycle shell-p@1.0.0~lint: CWD: /Users/gacsapo/Documents/temp/shell-p
11 silly lifecycle shell-p@1.0.0~lint: Args: [ '-c', 'eslint .' ]
12 silly lifecycle shell-p@1.0.0~lint: Returned: code: 1  signal: null
13 info lifecycle shell-p@1.0.0~lint: Failed to exec lint script
14 verbose stack Error: shell-p@1.0.0 lint: `eslint .`
14 verbose stack Exit status 1
14 verbose stack     at EventEmitter.<anonymous> (/Users/gacsapo/.nvm/versions/node/v7.5.0/lib/node_modules/npm/lib/utils/lifecycle.js:279:16)
14 verbose stack     at emitTwo (events.js:106:13)
14 verbose stack     at EventEmitter.emit (events.js:192:7)
14 verbose stack     at ChildProcess.<anonymous> (/Users/gacsapo/.nvm/versions/node/v7.5.0/lib/node_modules/npm/lib/utils/spawn.js:40:14)
14 verbose stack     at emitTwo (events.js:106:13)
14 verbose stack     at ChildProcess.emit (events.js:192:7)
14 verbose stack     at maybeClose (internal/child_process.js:890:16)
14 verbose stack     at Process.ChildProcess._handle.onexit (internal/child_process.js:226:5)
15 verbose pkgid shell-p@1.0.0
16 verbose cwd /Users/gacsapo/Documents/temp/shell-p
17 error Darwin 15.6.0
18 error argv "/Users/gacsapo/.nvm/versions/node/v7.5.0/bin/node" "/Users/gacsapo/.nvm/versions/node/v7.5.0/bin/npm" "run" "lint"
19 error node v7.5.0
20 error npm  v4.1.2
21 error code ELIFECYCLE
22 error shell-p@1.0.0 lint: `eslint .`
22 error Exit status 1
23 error Failed at the shell-p@1.0.0 lint script 'eslint .'.
23 error Make sure you have the latest version of node.js and npm installed.
23 error If you do, this is most likely a problem with the shell-p package,
23 error not with npm itself.
23 error Tell the author that this fails on your system:
23 error     eslint .
23 error You can get information on how to open an issue for this project with:
23 error     npm bugs shell-p
23 error Or if that isn't available, you can get their info via:
23 error     npm owner ls shell-p
23 error There is likely additional logging output above.
24 verbose exit [ 1, true ]
